<?xml version="1.0" encoding="UTF-8"?>
<testng-results skipped="0" failed="0" ignored="0" total="1" passed="1">
  <reporter-output>
  </reporter-output>
  <suite name="Default suite" duration-ms="4585" started-at="2021-02-16T00:21:15 IST" finished-at="2021-02-16T00:21:19 IST">
    <groups>
    </groups>
    <test name="Default test" duration-ms="4585" started-at="2021-02-16T00:21:15 IST" finished-at="2021-02-16T00:21:19 IST">
      <class name="com.saba.tests.CreateCustomerTest">
        <test-method status="PASS" signature="validateCustomerAPIWithValidSecretKey()[pri:0, instance:com.saba.tests.CreateCustomerTest@fad74ee]" name="validateCustomerAPIWithValidSecretKey" duration-ms="4537" started-at="2021-02-16T00:21:15 IST" finished-at="2021-02-16T00:21:19 IST">
          <reporter-output>
          </reporter-output>
        </test-method> <!-- validateCustomerAPIWithValidSecretKey -->
      </class> <!-- com.saba.tests.CreateCustomerTest -->
    </test> <!-- Default test -->
  </suite> <!-- Default suite -->
</testng-results>
